<?xml version="1.0" encoding="UTF-8"?>
<!-- Generated by org.testng.reporters.JUnitReportReporter -->
<testsuite hostname="LAPTOP-SB7RE8KB" failures="0" tests="1" name="dummy1.FirstProgram_Test" time="21.465" errors="0" timestamp="2025-04-18T12:15:48 IST" skipped="0">
  <testcase classname="dummy1.FirstProgram_Test" name="test" time="21.465"/>
  <system-out>
    <![CDATA[Test class is Executed]]>
  </system-out>
</testsuite> <!-- dummy1.FirstProgram_Test -->
